<?xml version="1.0" encoding="UTF-8"?>
<!-- Generated by org.testng.reporters.JUnitReportReporter -->
<testsuite name="com.cn.testcases.Test_AddGoodToCart" tests="1" time="2.557" ignored="0" failures="0" timestamp="22 九月 2017 03:48:28 GMT" skipped="0" hostname="DESKTOP-PQ5QF6U" errors="0">
  <testcase name="testAddToCart" time="2.557" classname="com.cn.testcases.Test_AddGoodToCart"/>
</testsuite> <!-- com.cn.testcases.Test_AddGoodToCart -->
