<?xml version="1.0" encoding="UTF-8"?>
<!-- Generated by org.testng.reporters.JUnitReportReporter -->
<testsuite name="com.cn.testcases.Test_Baidu" tests="1" time="13.772" ignored="0" failures="0" timestamp="26 九月 2017 04:24:39 GMT" skipped="0" hostname="DESKTOP-PQ5QF6U" errors="0">
  <testcase name="test_New" time="13.772" classname="com.cn.testcases.Test_Baidu"/>
</testsuite> <!-- com.cn.testcases.Test_Baidu -->
