<?xml version="1.0" encoding="UTF-8"?>
<!-- Generated by org.testng.reporters.JUnitReportReporter -->
<testsuite name="com.cn.testcases.Test_001_Baidu" tests="1" time="3.752" ignored="0" failures="0" timestamp="18 十月 2017 10:07:33 GMT" skipped="0" hostname="DESKTOP-PQ5QF6U" errors="0">
  <testcase name="test_New" time="3.752" classname="com.cn.testcases.Test_001_Baidu"/>
</testsuite> <!-- com.cn.testcases.Test_001_Baidu -->
